<?xml version="1.0" encoding="UTF-8"?>
<!-- Generated by org.testng.reporters.JUnitReportReporter -->
<testsuite hostname="BANL1391b97dd.local" name="dayone.Yahoo" tests="2" failures="0" timestamp="22 Jul 2015 18:36:24 GMT" time="0.004" errors="0">
  <testcase name="testreceviemail" time="0.001" classname="dayone.Yahoo"/>
  <testcase name="testsendmail" time="0.003" classname="dayone.Yahoo"/>
</testsuite> <!-- dayone.Yahoo -->
