<?xml version="1.0" encoding="UTF-8"?>
<!-- Generated by org.testng.reporters.JUnitReportReporter -->
<testsuite hostname="BANL1391b97dd.local" name="dayone.Gmail" tests="2" failures="0" timestamp="22 Jul 2015 18:36:24 GMT" time="0.013" errors="0">
  <testcase name="testreceviemail" time="0.006" classname="dayone.Gmail"/>
  <testcase name="testsendmail" time="0.007" classname="dayone.Gmail"/>
</testsuite> <!-- dayone.Gmail -->
