<?xml version="1.0" encoding="UTF-8"?>
<!-- Generated by org.testng.reporters.JUnitReportReporter -->
<testsuite hostname="BANL1391b97dd.local" name="dayone.Example2" tests="2" failures="0" timestamp="21 Jul 2015 11:49:02 GMT" time="0.009" errors="0">
  <testcase name="testsendmail" time="0.002" classname="dayone.Example2"/>
  <testcase name="testreceviemail" time="0.007" classname="dayone.Example2"/>
</testsuite> <!-- dayone.Example2 -->
