<?xml version="1.0" encoding="UTF-8"?>
<!-- Generated by org.testng.reporters.JUnitReportReporter -->
<testsuite hostname="BANL1391b97dd.local" name="dayone.Example1" tests="2" failures="0" timestamp="21 Jul 2015 11:34:47 GMT" time="0.008" errors="0">
  <testcase name="testreceviemail" time="0.006" classname="dayone.Example1"/>
  <testcase name="testsendmail" time="0.002" classname="dayone.Example1"/>
</testsuite> <!-- dayone.Example1 -->
