<?xml version="1.0" encoding="UTF-8"?>
<!-- Generated by org.testng.reporters.JUnitReportReporter -->
<testsuite hostname="BANL1391b97dd.local" name="dayone.ValuesPassing" tests="2" failures="0" timestamp="22 Jul 2015 18:36:24 GMT" time="0.006" errors="0">
  <testcase name="f" time="0.004" classname="dayone.ValuesPassing"/>
  <testcase name="f" time="0.002" classname="dayone.ValuesPassing"/>
</testsuite> <!-- dayone.ValuesPassing -->
