<?xml version="1.0" encoding="UTF-8"?>
<!-- Generated by org.testng.reporters.JUnitReportReporter -->
<testsuite hostname="BANL1391b97dd.local" name="automation.LoginTest" tests="1" failures="0" timestamp="23 Jul 2015 13:20:21 GMT" time="17.576" errors="0">
  <testcase name="invalidsignin" time="17.576" classname="automation.LoginTest"/>
</testsuite> <!-- automation.LoginTest -->
