<?xml version="1.0" encoding="UTF-8"?>
<!-- Generated by org.testng.reporters.JUnitReportReporter -->
<testsuite hostname="BANL1391b97dd.local" name="test.first.TestNG" tests="1" failures="0" timestamp="19 Jul 2015 18:42:47 GMT" time="5.861" errors="0">
  <testcase name="main" time="5.861" classname="test.first.TestNG"/>
</testsuite> <!-- test.first.TestNG -->
