<?xml version="1.0" encoding="UTF-8"?>
<!-- Generated by org.testng.reporters.JUnitReportReporter -->
<testsuite hostname="BANL1391b97dd.local" name="test.first.NewTest1" tests="1" failures="0" timestamp="17 Jul 2015 11:23:47 GMT" time="0.013" errors="0">
  <testcase name="f" time="0.013" classname="test.first.NewTest1"/>
</testsuite> <!-- test.first.NewTest1 -->
